<?xml version="1.0" encoding="UTF-8"?>
<robot generator="Robot 5.0.1 (Python 3.10.6 on win32)" generated="20220902 10:01:31.211" rpa="false" schemaversion="3">
<suite id="s1" name="AppointmentCategory" source="C:\DevOps Prac\API Automation\Vee24\TestSuite\AppointmentCategory.robot">
<test id="s1-t1" name="Check the reponse code 200 for Appointment Types" line="7">
<kw name="ValidateStatus" library="Common_Keyword">
<arg>${BASE_URL}</arg>
<arg>${APPOINTMENTCATEGORIES}</arg>
<arg>${SITE_NAME}</arg>
<kw name="Set Variable" library="BuiltIn">
<var>${endpoint}</var>
<arg>/${elements}?${parameters}</arg>
<doc>Returns the given values which can then be assigned to a variables.</doc>
<msg timestamp="20220902 10:01:31.591" level="INFO">${endpoint} = /api/AppointmentCategories?sitename=autotest1</msg>
<status status="PASS" starttime="20220902 10:01:31.591" endtime="20220902 10:01:31.591"/>
</kw>
<kw name="GET" library="RequestsLibrary">
<var>${response}</var>
<arg>${base_url}</arg>
<arg>${endpoint}</arg>
<arg>expected_status=200</arg>
<doc>Sends a GET request.</doc>
<msg timestamp="20220902 10:01:31.825" level="INFO">GET Request : url=https://api-dev.vee24.com/?/api/AppointmentCategories?sitename=autotest1 
 path_url=/?/api/AppointmentCategories?sitename=autotest1 
 headers={'User-Agent': 'python-requests/2.28.1', 'Accept-Encoding': 'gzip, deflate', 'Accept': '*/*', 'Connection': 'keep-alive'} 
 body=None 
 </msg>
<msg timestamp="20220902 10:01:31.826" level="INFO">GET Response : url=https://api-dev.vee24.com/?/api/AppointmentCategories?sitename=autotest1 
 status=200, reason=OK 
 headers={'Access-Control-Allow-Origin': '*', 'Cache-Control': 'private', 'Content-Type': 'text/html; charset=utf-8', 'Date': 'Fri, 02 Sep 2022 04:31:31 GMT', 'Server': 'unknown', 'X-AspNetMvc-Version': '5.2', 'X-Content-Type-Options': 'nosniff', 'Content-Length': '2376'} 
 body=&lt;!DOCTYPE html&gt;
&lt;html&gt;
&lt;head&gt;
    &lt;meta charset="utf-8" /&gt;
    &lt;meta name="viewport" content="width=device-width" /&gt;
    &lt;title&gt;Home Page&lt;/title&gt;

    &lt;script src="/bundles/jquery?v=MRjVrMuK9DXe6nW0tFmw9cj1pT5oo4Jf-eJQmGfwEF01"&gt;&lt;/script&gt;

    &lt;script src="/bundles/bootstrap?v=lescQEuG5u4jd-GcVDBcbpUOSyTDIg0Kk9zHDX55GCw1"&gt;&lt;/script&gt;


    &lt;link href="/Content/css?v=nzXRKv4ODWVGBu7BJnIFMRAbPUW7BytEsPnIsE3b1b81" rel="stylesheet"/&gt;

    &lt;script src="/bundles/modernizr?v="&gt;&lt;/script&gt;

&lt;/head&gt;
&lt;body&gt;
    &lt;div class="navbar navbar-inverse navbar-fixed-top"&gt;
        &lt;div class="pull-left"&gt;&lt;img src="/Assets/LogoMasterColorWhite-RGB.png" style="width:145px" /&gt;&lt;/div&gt;
        &lt;div class="container"&gt;    
            &lt;div class="navbar-header"&gt;
                &lt;button type="button" class="navbar-toggle" data-toggle="collapse" data-target=".navbar-collapse"&gt;
                    &lt;span class="icon-bar"&gt;&lt;/span&gt;
                    &lt;span class="icon-bar"&gt;&lt;/span&gt;
                    &lt;span class="icon-bar"&gt;&lt;/span&gt;
                &lt;/button&gt;
            &lt;/div&gt;
            &lt;div class="navbar-collapse collapse"&gt;
                &lt;ul class="nav navbar-nav"&gt;
                    &lt;li&gt;&lt;a href="/"&gt;Home&lt;/a&gt;&lt;/li&gt;

                        &lt;li&gt;&lt;a href="/Home/ApiDocumentation"&gt;API Documentation&lt;/a&gt;&lt;/li&gt;
                    
                    &lt;li&gt;&lt;a href="/Admin"&gt;Admin&lt;/a&gt;&lt;/li&gt;
                &lt;/ul&gt;
            &lt;/div&gt;
        &lt;/div&gt;
    &lt;/div&gt;
    &lt;div class="container body-content"&gt;
        
&lt;div class="jumbotron"&gt;
    &lt;h1&gt;VEE24 APIs&lt;/h1&gt;
    &lt;h4&gt;Vee24 provides an extensive set of APIs on a variety of platforms&lt;/h4&gt;
    &lt;ul style="list-style-type:disc"&gt;
        &lt;li&gt;REST&lt;/li&gt;
        &lt;li&gt;Javascript&lt;/li&gt;
        &lt;li&gt;iOS&lt;/li&gt;
        &lt;li&gt;Android&lt;/li&gt;
    &lt;/ul&gt;
    &lt;hr /&gt;
    &lt;p&gt;&lt;/p&gt;
    &lt;h5&gt;Please &lt;a href="https://www.vee24.com/en/contact/"&gt;contact Vee24&lt;/a&gt; for more details.&lt;/h5&gt;
    &lt;!--
    &lt;p&gt;&lt;a href="http://www.vee24.com" class="btn btn-primary btn-large"&gt;Learn more &amp;raquo;&lt;/a&gt;&lt;/p&gt;
    --&gt;
&lt;/div&gt;
        &lt;hr /&gt;
        &lt;footer&gt;
            &lt;p&gt;&amp;copy; 2022 - VEE24&lt;/p&gt;
        &lt;/footer&gt;
    &lt;/div&gt;

    &lt;script src="/bundles/jquery?v=MRjVrMuK9DXe6nW0tFmw9cj1pT5oo4Jf-eJQmGfwEF01"&gt;&lt;/script&gt;

    &lt;script src="/bundles/bootstrap?v=lescQEuG5u4jd-GcVDBcbpUOSyTDIg0Kk9zHDX55GCw1"&gt;&lt;/script&gt;

    
&lt;/body&gt;
&lt;/html&gt;
 
 </msg>
<msg timestamp="20220902 10:01:31.827" level="INFO">${response} = &lt;Response [200]&gt;</msg>
<status status="PASS" starttime="20220902 10:01:31.591" endtime="20220902 10:01:31.827"/>
</kw>
<kw name="Log To Console" library="BuiltIn">
<arg>Test Passed</arg>
<doc>Logs the given message to the console.</doc>
<status status="PASS" starttime="20220902 10:01:31.827" endtime="20220902 10:01:31.829"/>
</kw>
<status status="PASS" starttime="20220902 10:01:31.590" endtime="20220902 10:01:31.829"/>
</kw>
<status status="PASS" starttime="20220902 10:01:31.589" endtime="20220902 10:01:31.832"/>
</test>
<test id="s1-t2" name="Comapring received response body with sample response body" line="11">
<kw name="CompareJSON" library="Common_Keyword">
<arg>${APPOINTMENTCATEGORIES}</arg>
<arg>${FP_appcat}</arg>
<kw name="GetJSON" library="Common_Keyword">
<var>${response}</var>
<arg>${BASE_URL}</arg>
<arg>${element}</arg>
<arg>${SITE_NAME}</arg>
<tag>Common</tag>
<doc>This keyword checks the response for API request If response code is 200 then case is passed, for any other rsponse test case is failed.</doc>
<kw name="Create Session" library="RequestsLibrary">
<arg>mysession</arg>
<arg>${base_url}</arg>
<arg>disable_warnings=1</arg>
<doc>Create Session: create a HTTP session to a server</doc>
<msg timestamp="20220902 10:01:31.847" level="INFO">Creating Session using : alias=mysession, url=https://api-dev.vee24.com, headers={},                     cookies={}, auth=None, timeout=None, proxies=None, verify=False,                     debug=0 </msg>
<status status="PASS" starttime="20220902 10:01:31.846" endtime="20220902 10:01:31.848"/>
</kw>
<kw name="Set Variable" library="BuiltIn">
<var>${endpoint}</var>
<arg>/${elements}?${parameters}</arg>
<doc>Returns the given values which can then be assigned to a variables.</doc>
<msg timestamp="20220902 10:01:31.849" level="INFO">${endpoint} = /api/AppointmentCategories?sitename=autotest1</msg>
<status status="PASS" starttime="20220902 10:01:31.848" endtime="20220902 10:01:31.849"/>
</kw>
<kw name="GET On Session" library="RequestsLibrary">
<var>${resp}</var>
<arg>mysession</arg>
<arg>${endpoint}</arg>
<doc>Sends a GET request on a previously created HTTP Session.</doc>
<msg timestamp="20220902 10:01:32.079" level="INFO">GET Request : url=https://api-dev.vee24.com/api/AppointmentCategories?sitename=autotest1 
 path_url=/api/AppointmentCategories?sitename=autotest1 
 headers={'User-Agent': 'python-requests/2.28.1', 'Accept-Encoding': 'gzip, deflate', 'Accept': '*/*', 'Connection': 'keep-alive'} 
 body=None 
 </msg>
<msg timestamp="20220902 10:01:32.079" level="INFO">GET Response : url=https://api-dev.vee24.com/api/AppointmentCategories?sitename=autotest1 
 status=200, reason=OK 
 headers={'Access-Control-Allow-Origin': '*', 'api-supported-versions': '1.0', 'Cache-Control': 'max-age=1800', 'Content-Type': 'application/json; charset=utf-8', 'Date': 'Fri, 02 Sep 2022 04:31:31 GMT', 'Expires': 'Fri, 02 Sep 2022 05:01:32 GMT', 'Pragma': 'no-cache', 'Server': 'unknown', 'X-Content-Type-Options': 'nosniff', 'Content-Length': '615'} 
 body={"categories":[{"id":48,"name":"Parent 1","parentCategoryId":47,"appointmentTypeId":null,"level":2,"hasChild":true},{"id":49,"name":"Child 1","parentCategoryId":48,"appointmentTypeId":63,"level":3,"hasChild":false},{"id":50,"name":"Parent 2","parentCategoryId":47,"appointmentTypeId":null,"level":2,"hasChild":true},{"id":51,"name":"Child 3","parentCategoryId":50,"appointmentTypeId":null,"level":3,"hasChild":true},{"id":52,"name":"Child 4","parentCategoryId":51,"appointmentTypeId":63,"level":4,"hasChild":false},{"id":53,"name":"Child 2","parentCategoryId":48,"appointmentTypeId":63,"level":3,"hasChild":false}]} 
 </msg>
<msg timestamp="20220902 10:01:32.079" level="INFO">${resp} = &lt;Response [200]&gt;</msg>
<status status="PASS" starttime="20220902 10:01:31.849" endtime="20220902 10:01:32.079"/>
</kw>
<kw name="Evaluate" library="BuiltIn">
<var>&amp;{response}</var>
<arg>json.loads($resp.content)</arg>
<arg>json</arg>
<doc>Evaluates the given expression in Python and returns the result.</doc>
<msg timestamp="20220902 10:01:32.083" level="INFO">&amp;{response} = { categories=[{'id': 48, 'name': 'Parent 1', 'parentCategoryId': 47, 'appointmentTypeId': None, 'level': 2, 'hasChild': True}, {'id': 49, 'name': 'Child 1', 'parentCategoryId': 48, 'appointmentTypeId'...</msg>
<status status="PASS" starttime="20220902 10:01:32.080" endtime="20220902 10:01:32.083"/>
</kw>
<msg timestamp="20220902 10:01:32.083" level="INFO">${response} = {'categories': [{'id': 48, 'name': 'Parent 1', 'parentCategoryId': 47, 'appointmentTypeId': None, 'level': 2, 'hasChild': True}, {'id': 49, 'name': 'Child 1', 'parentCategoryId': 48, 'appointmentTypeI...</msg>
<status status="PASS" starttime="20220902 10:01:31.844" endtime="20220902 10:01:32.083"/>
</kw>
<kw name="Load Json From File" library="JSONLibrary">
<var>${file_json}</var>
<arg>${file_path}</arg>
<doc>Load JSON from file.</doc>
<msg timestamp="20220902 10:01:32.086" level="INFO">${file_json} = {'categories': [{'id': 48, 'name': 'Parent 1', 'parentCategoryId': 47, 'appointmentTypeId': None, 'level': 2, 'hasChild': True}, {'id': 49, 'name': 'Child 1', 'parentCategoryId': 48, 'appointmentTypeI...</msg>
<status status="PASS" starttime="20220902 10:01:32.083" endtime="20220902 10:01:32.086"/>
</kw>
<kw name="Should Be Equal" library="BuiltIn">
<arg>${response}</arg>
<arg>${file_json}</arg>
<doc>Fails if the given objects are unequal.</doc>
<msg timestamp="20220902 10:01:32.086" level="INFO">Argument types are:
&lt;class 'robot.utils.dotdict.DotDict'&gt;
&lt;class 'dict'&gt;</msg>
<status status="PASS" starttime="20220902 10:01:32.086" endtime="20220902 10:01:32.086"/>
</kw>
<status status="PASS" starttime="20220902 10:01:31.840" endtime="20220902 10:01:32.086"/>
</kw>
<status status="PASS" starttime="20220902 10:01:31.838" endtime="20220902 10:01:32.087"/>
</test>
<test id="s1-t3" name="Comapring ID of appointment category with the sample response" line="15">
<kw name="CompareElements" library="Common_Keyword">
<arg>${JP_ID}</arg>
<kw name="GetJSON" library="Common_Keyword">
<var>${response}</var>
<arg>${BASE_URL}</arg>
<arg>${APPOINTMENTTYPES}</arg>
<arg>${SITE_NAME}</arg>
<tag>Common</tag>
<doc>This keyword checks the response for API request If response code is 200 then case is passed, for any other rsponse test case is failed.</doc>
<kw name="Create Session" library="RequestsLibrary">
<arg>mysession</arg>
<arg>${base_url}</arg>
<arg>disable_warnings=1</arg>
<doc>Create Session: create a HTTP session to a server</doc>
<msg timestamp="20220902 10:01:32.090" level="INFO">Creating Session using : alias=mysession, url=https://api-dev.vee24.com, headers={},                     cookies={}, auth=None, timeout=None, proxies=None, verify=False,                     debug=0 </msg>
<status status="PASS" starttime="20220902 10:01:32.090" endtime="20220902 10:01:32.090"/>
</kw>
<kw name="Set Variable" library="BuiltIn">
<var>${endpoint}</var>
<arg>/${elements}?${parameters}</arg>
<doc>Returns the given values which can then be assigned to a variables.</doc>
<msg timestamp="20220902 10:01:32.091" level="INFO">${endpoint} = /api/AppointmentTypes?sitename=autotest1</msg>
<status status="PASS" starttime="20220902 10:01:32.091" endtime="20220902 10:01:32.091"/>
</kw>
<kw name="GET On Session" library="RequestsLibrary">
<var>${resp}</var>
<arg>mysession</arg>
<arg>${endpoint}</arg>
<doc>Sends a GET request on a previously created HTTP Session.</doc>
<msg timestamp="20220902 10:01:33.346" level="INFO">GET Request : url=https://api-dev.vee24.com/api/AppointmentTypes?sitename=autotest1 
 path_url=/api/AppointmentTypes?sitename=autotest1 
 headers={'User-Agent': 'python-requests/2.28.1', 'Accept-Encoding': 'gzip, deflate', 'Accept': '*/*', 'Connection': 'keep-alive'} 
 body=None 
 </msg>
<msg timestamp="20220902 10:01:33.347" level="INFO">GET Response : url=https://api-dev.vee24.com/api/AppointmentTypes?sitename=autotest1 
 status=200, reason=OK 
 headers={'Access-Control-Allow-Origin': '*', 'api-supported-versions': '1.0', 'Cache-Control': 'max-age=1800', 'Content-Type': 'application/json; charset=utf-8', 'Date': 'Fri, 02 Sep 2022 04:31:33 GMT', 'Expires': 'Fri, 02 Sep 2022 05:01:33 GMT', 'Pragma': 'no-cache', 'Server': 'unknown', 'X-Content-Type-Options': 'nosniff', 'Content-Length': '2119'} 
 body={"appointmentTypes":[{"id":63,"name":"Test VeeCall","callType":"VeeCall","customerInfo":"[{\"name\": \"First Name\",\"type\": \"text\",\"required\" : \"1\",\"mappedField\" : \"Firstname\",\"overrideRule\" : \"update\"},    {\"name\": \"Middle Name\",\"type\": \"text\",\"required\" : \"1\",\"mappedField\" : \"Middlename\"},    {\"name\": \"Last Name\",\"type\": \"text\",\"required\" : \"0\",\"mappedField\" : \"Customer Information:Lastname\",\"overrideRule\" : \"update\"},      {\"name\": \"Phone No\",\"type\": \"text\",\"required\" : \"0\",\"mappedField\" : \"Customer Information:Phone Number\",\"overrideRule\" : \"update\"},    {\"name\": \"Email Id\",\"type\": \"email\",\"required\" : \"1\",\"mappedField\" : \"Email\"},       {\"name\": \"Additional Information\",\"type\": \"note\",\"required\" : \"0\",\"mappedField\" : \"Notes:CustomerNotes\",\"overrideRule\" : \"append\", \"appendSeparator\" : \":\"},  {\"name\": \"GDPR Consent Message\",\"placeHolder\" : \"Yes,I Consent\",\"type\": \"checkbox\",\"required\" : \"1\"}]","slotDuration":10,"locationIds":[]},{"id":64,"name":"Sofa","callType":"Chat","customerInfo":"[{\"name\": \"First Name\",\"type\": \"text\",\"required\" : \"1\",\"mappedField\" : \"Firstname\",\"overrideRule\" : \"update\"},    {\"name\": \"Middle Name\",\"type\": \"text\",\"required\" : \"1\",\"mappedField\" : \"Middlename\"},    {\"name\": \"Last Name\",\"type\": \"text\",\"required\" : \"0\",\"mappedField\" : \"Customer Information:Lastname\",\"overrideRule\" : \"update\"},      {\"name\": \"Phone No\",\"type\": \"text\",\"required\" : \"0\",\"mappedField\" : \"Customer Information:Phone Number\",\"overrideRule\" : \"append\"},    {\"name\": \"Email Id\",\"type\": \"email\",\"required\" : \"1\",\"mappedField\" : \"Email\"},       {\"name\": \"Additional Information\",\"type\": \"note\",\"required\" : \"0\",\"mappedField\" : \"Notes:CustomerNotes\",\"overrideRule\" : \"append\", \"appendSeparator\" : \":\"},  {\"name\": \"GDPR Consent Message\",\"placeHolder\" : \"Yes,I Consent\",\"type\": \"checkbox\",\"required\" : \"1\"}]","slotDuration":10,"locationIds":[]}]} 
 </msg>
<msg timestamp="20220902 10:01:33.347" level="INFO">${resp} = &lt;Response [200]&gt;</msg>
<status status="PASS" starttime="20220902 10:01:32.091" endtime="20220902 10:01:33.347"/>
</kw>
<kw name="Evaluate" library="BuiltIn">
<var>&amp;{response}</var>
<arg>json.loads($resp.content)</arg>
<arg>json</arg>
<doc>Evaluates the given expression in Python and returns the result.</doc>
<msg timestamp="20220902 10:01:33.351" level="INFO">&amp;{response} = { appointmentTypes=[{'id': 63, 'name': 'Test VeeCall', 'callType': 'VeeCall', 'customerInfo': '[{"name": "First Name","type": "text","required" : "1","mappedField" : "Firstname","overrideRule" : "upda...</msg>
<status status="PASS" starttime="20220902 10:01:33.348" endtime="20220902 10:01:33.351"/>
</kw>
<msg timestamp="20220902 10:01:33.352" level="INFO">${response} = {'appointmentTypes': [{'id': 63, 'name': 'Test VeeCall', 'callType': 'VeeCall', 'customerInfo': '[{"name": "First Name","type": "text","required" : "1","mappedField" : "Firstname","overrideRule" : "up...</msg>
<status status="PASS" starttime="20220902 10:01:32.089" endtime="20220902 10:01:33.352"/>
</kw>
<kw name="Get Value From Json" library="JSONLibrary">
<var>${resp_obj}</var>
<arg>${response}</arg>
<arg>${parameters}</arg>
<doc>Get Value From JSON using JSONPath</doc>
<msg timestamp="20220902 10:01:33.402" level="INFO">${resp_obj} = []</msg>
<status status="PASS" starttime="20220902 10:01:33.352" endtime="20220902 10:01:33.402"/>
</kw>
<kw name="Load Json From File" library="JSONLibrary">
<var>${file_json}</var>
<arg>${FP_apptype}</arg>
<doc>Load JSON from file.</doc>
<msg timestamp="20220902 10:01:33.404" level="INFO">${file_json} = {'appointmentTypes': [{'id': 63, 'name': 'Test VeeCall', 'callType': 'VeeCall', 'customerInfo': '[{"name": "First Name","type": "text","required" : "1","mappedField" : "Firstname","overrideRule" : "up...</msg>
<status status="PASS" starttime="20220902 10:01:33.402" endtime="20220902 10:01:33.404"/>
</kw>
<kw name="Get Value From Json" library="JSONLibrary">
<var>${json_object}</var>
<arg>${file_json}</arg>
<arg>${parameters}</arg>
<doc>Get Value From JSON using JSONPath</doc>
<msg timestamp="20220902 10:01:33.425" level="INFO">${json_object} = []</msg>
<status status="PASS" starttime="20220902 10:01:33.404" endtime="20220902 10:01:33.425"/>
</kw>
<kw name="Should Be Equal" library="BuiltIn">
<arg>${resp_obj}</arg>
<arg>${json_object}</arg>
<doc>Fails if the given objects are unequal.</doc>
<status status="PASS" starttime="20220902 10:01:33.425" endtime="20220902 10:01:33.426"/>
</kw>
<status status="PASS" starttime="20220902 10:01:32.089" endtime="20220902 10:01:33.426"/>
</kw>
<kw name="Log To Console" library="BuiltIn">
<arg>Test Passed</arg>
<doc>Logs the given message to the console.</doc>
<status status="PASS" starttime="20220902 10:01:33.427" endtime="20220902 10:01:33.427"/>
</kw>
<status status="PASS" starttime="20220902 10:01:32.088" endtime="20220902 10:01:33.428"/>
</test>
<test id="s1-t4" name="Comapring Category Name of appointment category with the sample response" line="20">
<kw name="CompareElements" library="Common_Keyword">
<arg>${JP_CATEGORYNAME}</arg>
<kw name="GetJSON" library="Common_Keyword">
<var>${response}</var>
<arg>${BASE_URL}</arg>
<arg>${APPOINTMENTTYPES}</arg>
<arg>${SITE_NAME}</arg>
<tag>Common</tag>
<doc>This keyword checks the response for API request If response code is 200 then case is passed, for any other rsponse test case is failed.</doc>
<kw name="Create Session" library="RequestsLibrary">
<arg>mysession</arg>
<arg>${base_url}</arg>
<arg>disable_warnings=1</arg>
<doc>Create Session: create a HTTP session to a server</doc>
<msg timestamp="20220902 10:01:33.431" level="INFO">Creating Session using : alias=mysession, url=https://api-dev.vee24.com, headers={},                     cookies={}, auth=None, timeout=None, proxies=None, verify=False,                     debug=0 </msg>
<status status="PASS" starttime="20220902 10:01:33.431" endtime="20220902 10:01:33.431"/>
</kw>
<kw name="Set Variable" library="BuiltIn">
<var>${endpoint}</var>
<arg>/${elements}?${parameters}</arg>
<doc>Returns the given values which can then be assigned to a variables.</doc>
<msg timestamp="20220902 10:01:33.432" level="INFO">${endpoint} = /api/AppointmentTypes?sitename=autotest1</msg>
<status status="PASS" starttime="20220902 10:01:33.431" endtime="20220902 10:01:33.432"/>
</kw>
<kw name="GET On Session" library="RequestsLibrary">
<var>${resp}</var>
<arg>mysession</arg>
<arg>${endpoint}</arg>
<doc>Sends a GET request on a previously created HTTP Session.</doc>
<msg timestamp="20220902 10:01:33.666" level="INFO">GET Request : url=https://api-dev.vee24.com/api/AppointmentTypes?sitename=autotest1 
 path_url=/api/AppointmentTypes?sitename=autotest1 
 headers={'User-Agent': 'python-requests/2.28.1', 'Accept-Encoding': 'gzip, deflate', 'Accept': '*/*', 'Connection': 'keep-alive'} 
 body=None 
 </msg>
<msg timestamp="20220902 10:01:33.666" level="INFO">GET Response : url=https://api-dev.vee24.com/api/AppointmentTypes?sitename=autotest1 
 status=200, reason=OK 
 headers={'Access-Control-Allow-Origin': '*', 'api-supported-versions': '1.0', 'Cache-Control': 'max-age=1800', 'Content-Type': 'application/json; charset=utf-8', 'Date': 'Fri, 02 Sep 2022 04:31:33 GMT', 'Expires': 'Fri, 02 Sep 2022 05:01:33 GMT', 'Pragma': 'no-cache', 'Server': 'unknown', 'X-Content-Type-Options': 'nosniff', 'Content-Length': '2119'} 
 body={"appointmentTypes":[{"id":63,"name":"Test VeeCall","callType":"VeeCall","customerInfo":"[{\"name\": \"First Name\",\"type\": \"text\",\"required\" : \"1\",\"mappedField\" : \"Firstname\",\"overrideRule\" : \"update\"},    {\"name\": \"Middle Name\",\"type\": \"text\",\"required\" : \"1\",\"mappedField\" : \"Middlename\"},    {\"name\": \"Last Name\",\"type\": \"text\",\"required\" : \"0\",\"mappedField\" : \"Customer Information:Lastname\",\"overrideRule\" : \"update\"},      {\"name\": \"Phone No\",\"type\": \"text\",\"required\" : \"0\",\"mappedField\" : \"Customer Information:Phone Number\",\"overrideRule\" : \"update\"},    {\"name\": \"Email Id\",\"type\": \"email\",\"required\" : \"1\",\"mappedField\" : \"Email\"},       {\"name\": \"Additional Information\",\"type\": \"note\",\"required\" : \"0\",\"mappedField\" : \"Notes:CustomerNotes\",\"overrideRule\" : \"append\", \"appendSeparator\" : \":\"},  {\"name\": \"GDPR Consent Message\",\"placeHolder\" : \"Yes,I Consent\",\"type\": \"checkbox\",\"required\" : \"1\"}]","slotDuration":10,"locationIds":[]},{"id":64,"name":"Sofa","callType":"Chat","customerInfo":"[{\"name\": \"First Name\",\"type\": \"text\",\"required\" : \"1\",\"mappedField\" : \"Firstname\",\"overrideRule\" : \"update\"},    {\"name\": \"Middle Name\",\"type\": \"text\",\"required\" : \"1\",\"mappedField\" : \"Middlename\"},    {\"name\": \"Last Name\",\"type\": \"text\",\"required\" : \"0\",\"mappedField\" : \"Customer Information:Lastname\",\"overrideRule\" : \"update\"},      {\"name\": \"Phone No\",\"type\": \"text\",\"required\" : \"0\",\"mappedField\" : \"Customer Information:Phone Number\",\"overrideRule\" : \"append\"},    {\"name\": \"Email Id\",\"type\": \"email\",\"required\" : \"1\",\"mappedField\" : \"Email\"},       {\"name\": \"Additional Information\",\"type\": \"note\",\"required\" : \"0\",\"mappedField\" : \"Notes:CustomerNotes\",\"overrideRule\" : \"append\", \"appendSeparator\" : \":\"},  {\"name\": \"GDPR Consent Message\",\"placeHolder\" : \"Yes,I Consent\",\"type\": \"checkbox\",\"required\" : \"1\"}]","slotDuration":10,"locationIds":[]}]} 
 </msg>
<msg timestamp="20220902 10:01:33.666" level="INFO">${resp} = &lt;Response [200]&gt;</msg>
<status status="PASS" starttime="20220902 10:01:33.432" endtime="20220902 10:01:33.666"/>
</kw>
<kw name="Evaluate" library="BuiltIn">
<var>&amp;{response}</var>
<arg>json.loads($resp.content)</arg>
<arg>json</arg>
<doc>Evaluates the given expression in Python and returns the result.</doc>
<msg timestamp="20220902 10:01:33.667" level="INFO">&amp;{response} = { appointmentTypes=[{'id': 63, 'name': 'Test VeeCall', 'callType': 'VeeCall', 'customerInfo': '[{"name": "First Name","type": "text","required" : "1","mappedField" : "Firstname","overrideRule" : "upda...</msg>
<status status="PASS" starttime="20220902 10:01:33.667" endtime="20220902 10:01:33.667"/>
</kw>
<msg timestamp="20220902 10:01:33.667" level="INFO">${response} = {'appointmentTypes': [{'id': 63, 'name': 'Test VeeCall', 'callType': 'VeeCall', 'customerInfo': '[{"name": "First Name","type": "text","required" : "1","mappedField" : "Firstname","overrideRule" : "up...</msg>
<status status="PASS" starttime="20220902 10:01:33.430" endtime="20220902 10:01:33.667"/>
</kw>
<kw name="Get Value From Json" library="JSONLibrary">
<var>${resp_obj}</var>
<arg>${response}</arg>
<arg>${parameters}</arg>
<doc>Get Value From JSON using JSONPath</doc>
<msg timestamp="20220902 10:01:33.693" level="INFO">${resp_obj} = []</msg>
<status status="PASS" starttime="20220902 10:01:33.668" endtime="20220902 10:01:33.693"/>
</kw>
<kw name="Load Json From File" library="JSONLibrary">
<var>${file_json}</var>
<arg>${FP_apptype}</arg>
<doc>Load JSON from file.</doc>
<msg timestamp="20220902 10:01:33.696" level="INFO">${file_json} = {'appointmentTypes': [{'id': 63, 'name': 'Test VeeCall', 'callType': 'VeeCall', 'customerInfo': '[{"name": "First Name","type": "text","required" : "1","mappedField" : "Firstname","overrideRule" : "up...</msg>
<status status="PASS" starttime="20220902 10:01:33.693" endtime="20220902 10:01:33.696"/>
</kw>
<kw name="Get Value From Json" library="JSONLibrary">
<var>${json_object}</var>
<arg>${file_json}</arg>
<arg>${parameters}</arg>
<doc>Get Value From JSON using JSONPath</doc>
<msg timestamp="20220902 10:01:33.720" level="INFO">${json_object} = []</msg>
<status status="PASS" starttime="20220902 10:01:33.696" endtime="20220902 10:01:33.720"/>
</kw>
<kw name="Should Be Equal" library="BuiltIn">
<arg>${resp_obj}</arg>
<arg>${json_object}</arg>
<doc>Fails if the given objects are unequal.</doc>
<status status="PASS" starttime="20220902 10:01:33.720" endtime="20220902 10:01:33.721"/>
</kw>
<status status="PASS" starttime="20220902 10:01:33.430" endtime="20220902 10:01:33.721"/>
</kw>
<kw name="Log To Console" library="BuiltIn">
<arg>Test Passed</arg>
<doc>Logs the given message to the console.</doc>
<status status="PASS" starttime="20220902 10:01:33.722" endtime="20220902 10:01:33.722"/>
</kw>
<status status="PASS" starttime="20220902 10:01:33.429" endtime="20220902 10:01:33.723"/>
</test>
<test id="s1-t5" name="Comapring Parent category ID of appointment category with the sample response" line="25">
<kw name="CompareElements" library="Common_Keyword">
<arg>${JP_parentCATEGORYID}</arg>
<kw name="GetJSON" library="Common_Keyword">
<var>${response}</var>
<arg>${BASE_URL}</arg>
<arg>${APPOINTMENTTYPES}</arg>
<arg>${SITE_NAME}</arg>
<tag>Common</tag>
<doc>This keyword checks the response for API request If response code is 200 then case is passed, for any other rsponse test case is failed.</doc>
<kw name="Create Session" library="RequestsLibrary">
<arg>mysession</arg>
<arg>${base_url}</arg>
<arg>disable_warnings=1</arg>
<doc>Create Session: create a HTTP session to a server</doc>
<msg timestamp="20220902 10:01:33.726" level="INFO">Creating Session using : alias=mysession, url=https://api-dev.vee24.com, headers={},                     cookies={}, auth=None, timeout=None, proxies=None, verify=False,                     debug=0 </msg>
<status status="PASS" starttime="20220902 10:01:33.726" endtime="20220902 10:01:33.726"/>
</kw>
<kw name="Set Variable" library="BuiltIn">
<var>${endpoint}</var>
<arg>/${elements}?${parameters}</arg>
<doc>Returns the given values which can then be assigned to a variables.</doc>
<msg timestamp="20220902 10:01:33.727" level="INFO">${endpoint} = /api/AppointmentTypes?sitename=autotest1</msg>
<status status="PASS" starttime="20220902 10:01:33.726" endtime="20220902 10:01:33.727"/>
</kw>
<kw name="GET On Session" library="RequestsLibrary">
<var>${resp}</var>
<arg>mysession</arg>
<arg>${endpoint}</arg>
<doc>Sends a GET request on a previously created HTTP Session.</doc>
<msg timestamp="20220902 10:01:34.947" level="INFO">GET Request : url=https://api-dev.vee24.com/api/AppointmentTypes?sitename=autotest1 
 path_url=/api/AppointmentTypes?sitename=autotest1 
 headers={'User-Agent': 'python-requests/2.28.1', 'Accept-Encoding': 'gzip, deflate', 'Accept': '*/*', 'Connection': 'keep-alive'} 
 body=None 
 </msg>
<msg timestamp="20220902 10:01:34.947" level="INFO">GET Response : url=https://api-dev.vee24.com/api/AppointmentTypes?sitename=autotest1 
 status=200, reason=OK 
 headers={'Access-Control-Allow-Origin': '*', 'api-supported-versions': '1.0', 'Cache-Control': 'max-age=1800', 'Content-Type': 'application/json; charset=utf-8', 'Date': 'Fri, 02 Sep 2022 04:31:34 GMT', 'Expires': 'Fri, 02 Sep 2022 05:01:34 GMT', 'Pragma': 'no-cache', 'Server': 'unknown', 'X-Content-Type-Options': 'nosniff', 'Content-Length': '2119'} 
 body={"appointmentTypes":[{"id":63,"name":"Test VeeCall","callType":"VeeCall","customerInfo":"[{\"name\": \"First Name\",\"type\": \"text\",\"required\" : \"1\",\"mappedField\" : \"Firstname\",\"overrideRule\" : \"update\"},    {\"name\": \"Middle Name\",\"type\": \"text\",\"required\" : \"1\",\"mappedField\" : \"Middlename\"},    {\"name\": \"Last Name\",\"type\": \"text\",\"required\" : \"0\",\"mappedField\" : \"Customer Information:Lastname\",\"overrideRule\" : \"update\"},      {\"name\": \"Phone No\",\"type\": \"text\",\"required\" : \"0\",\"mappedField\" : \"Customer Information:Phone Number\",\"overrideRule\" : \"update\"},    {\"name\": \"Email Id\",\"type\": \"email\",\"required\" : \"1\",\"mappedField\" : \"Email\"},       {\"name\": \"Additional Information\",\"type\": \"note\",\"required\" : \"0\",\"mappedField\" : \"Notes:CustomerNotes\",\"overrideRule\" : \"append\", \"appendSeparator\" : \":\"},  {\"name\": \"GDPR Consent Message\",\"placeHolder\" : \"Yes,I Consent\",\"type\": \"checkbox\",\"required\" : \"1\"}]","slotDuration":10,"locationIds":[]},{"id":64,"name":"Sofa","callType":"Chat","customerInfo":"[{\"name\": \"First Name\",\"type\": \"text\",\"required\" : \"1\",\"mappedField\" : \"Firstname\",\"overrideRule\" : \"update\"},    {\"name\": \"Middle Name\",\"type\": \"text\",\"required\" : \"1\",\"mappedField\" : \"Middlename\"},    {\"name\": \"Last Name\",\"type\": \"text\",\"required\" : \"0\",\"mappedField\" : \"Customer Information:Lastname\",\"overrideRule\" : \"update\"},      {\"name\": \"Phone No\",\"type\": \"text\",\"required\" : \"0\",\"mappedField\" : \"Customer Information:Phone Number\",\"overrideRule\" : \"append\"},    {\"name\": \"Email Id\",\"type\": \"email\",\"required\" : \"1\",\"mappedField\" : \"Email\"},       {\"name\": \"Additional Information\",\"type\": \"note\",\"required\" : \"0\",\"mappedField\" : \"Notes:CustomerNotes\",\"overrideRule\" : \"append\", \"appendSeparator\" : \":\"},  {\"name\": \"GDPR Consent Message\",\"placeHolder\" : \"Yes,I Consent\",\"type\": \"checkbox\",\"required\" : \"1\"}]","slotDuration":10,"locationIds":[]}]} 
 </msg>
<msg timestamp="20220902 10:01:34.948" level="INFO">${resp} = &lt;Response [200]&gt;</msg>
<status status="PASS" starttime="20220902 10:01:33.727" endtime="20220902 10:01:34.948"/>
</kw>
<kw name="Evaluate" library="BuiltIn">
<var>&amp;{response}</var>
<arg>json.loads($resp.content)</arg>
<arg>json</arg>
<doc>Evaluates the given expression in Python and returns the result.</doc>
<msg timestamp="20220902 10:01:34.951" level="INFO">&amp;{response} = { appointmentTypes=[{'id': 63, 'name': 'Test VeeCall', 'callType': 'VeeCall', 'customerInfo': '[{"name": "First Name","type": "text","required" : "1","mappedField" : "Firstname","overrideRule" : "upda...</msg>
<status status="PASS" starttime="20220902 10:01:34.949" endtime="20220902 10:01:34.951"/>
</kw>
<msg timestamp="20220902 10:01:34.952" level="INFO">${response} = {'appointmentTypes': [{'id': 63, 'name': 'Test VeeCall', 'callType': 'VeeCall', 'customerInfo': '[{"name": "First Name","type": "text","required" : "1","mappedField" : "Firstname","overrideRule" : "up...</msg>
<status status="PASS" starttime="20220902 10:01:33.725" endtime="20220902 10:01:34.952"/>
</kw>
<kw name="Get Value From Json" library="JSONLibrary">
<var>${resp_obj}</var>
<arg>${response}</arg>
<arg>${parameters}</arg>
<doc>Get Value From JSON using JSONPath</doc>
<msg timestamp="20220902 10:01:35.015" level="INFO">${resp_obj} = []</msg>
<status status="PASS" starttime="20220902 10:01:34.953" endtime="20220902 10:01:35.016"/>
</kw>
<kw name="Load Json From File" library="JSONLibrary">
<var>${file_json}</var>
<arg>${FP_apptype}</arg>
<doc>Load JSON from file.</doc>
<msg timestamp="20220902 10:01:35.018" level="INFO">${file_json} = {'appointmentTypes': [{'id': 63, 'name': 'Test VeeCall', 'callType': 'VeeCall', 'customerInfo': '[{"name": "First Name","type": "text","required" : "1","mappedField" : "Firstname","overrideRule" : "up...</msg>
<status status="PASS" starttime="20220902 10:01:35.016" endtime="20220902 10:01:35.018"/>
</kw>
<kw name="Get Value From Json" library="JSONLibrary">
<var>${json_object}</var>
<arg>${file_json}</arg>
<arg>${parameters}</arg>
<doc>Get Value From JSON using JSONPath</doc>
<msg timestamp="20220902 10:01:35.039" level="INFO">${json_object} = []</msg>
<status status="PASS" starttime="20220902 10:01:35.018" endtime="20220902 10:01:35.039"/>
</kw>
<kw name="Should Be Equal" library="BuiltIn">
<arg>${resp_obj}</arg>
<arg>${json_object}</arg>
<doc>Fails if the given objects are unequal.</doc>
<status status="PASS" starttime="20220902 10:01:35.039" endtime="20220902 10:01:35.039"/>
</kw>
<status status="PASS" starttime="20220902 10:01:33.725" endtime="20220902 10:01:35.039"/>
</kw>
<kw name="Log To Console" library="BuiltIn">
<arg>Test Passed</arg>
<doc>Logs the given message to the console.</doc>
<status status="PASS" starttime="20220902 10:01:35.040" endtime="20220902 10:01:35.041"/>
</kw>
<status status="PASS" starttime="20220902 10:01:33.724" endtime="20220902 10:01:35.041"/>
</test>
<test id="s1-t6" name="Comapring has child value of appointment category with the sample response" line="30">
<kw name="CompareElements" library="Common_Keyword">
<arg>${JP_hasChild}</arg>
<kw name="GetJSON" library="Common_Keyword">
<var>${response}</var>
<arg>${BASE_URL}</arg>
<arg>${APPOINTMENTTYPES}</arg>
<arg>${SITE_NAME}</arg>
<tag>Common</tag>
<doc>This keyword checks the response for API request If response code is 200 then case is passed, for any other rsponse test case is failed.</doc>
<kw name="Create Session" library="RequestsLibrary">
<arg>mysession</arg>
<arg>${base_url}</arg>
<arg>disable_warnings=1</arg>
<doc>Create Session: create a HTTP session to a server</doc>
<msg timestamp="20220902 10:01:35.045" level="INFO">Creating Session using : alias=mysession, url=https://api-dev.vee24.com, headers={},                     cookies={}, auth=None, timeout=None, proxies=None, verify=False,                     debug=0 </msg>
<status status="PASS" starttime="20220902 10:01:35.044" endtime="20220902 10:01:35.045"/>
</kw>
<kw name="Set Variable" library="BuiltIn">
<var>${endpoint}</var>
<arg>/${elements}?${parameters}</arg>
<doc>Returns the given values which can then be assigned to a variables.</doc>
<msg timestamp="20220902 10:01:35.045" level="INFO">${endpoint} = /api/AppointmentTypes?sitename=autotest1</msg>
<status status="PASS" starttime="20220902 10:01:35.045" endtime="20220902 10:01:35.045"/>
</kw>
<kw name="GET On Session" library="RequestsLibrary">
<var>${resp}</var>
<arg>mysession</arg>
<arg>${endpoint}</arg>
<doc>Sends a GET request on a previously created HTTP Session.</doc>
<msg timestamp="20220902 10:01:35.259" level="INFO">GET Request : url=https://api-dev.vee24.com/api/AppointmentTypes?sitename=autotest1 
 path_url=/api/AppointmentTypes?sitename=autotest1 
 headers={'User-Agent': 'python-requests/2.28.1', 'Accept-Encoding': 'gzip, deflate', 'Accept': '*/*', 'Connection': 'keep-alive'} 
 body=None 
 </msg>
<msg timestamp="20220902 10:01:35.259" level="INFO">GET Response : url=https://api-dev.vee24.com/api/AppointmentTypes?sitename=autotest1 
 status=200, reason=OK 
 headers={'Access-Control-Allow-Origin': '*', 'api-supported-versions': '1.0', 'Cache-Control': 'max-age=1800', 'Content-Type': 'application/json; charset=utf-8', 'Date': 'Fri, 02 Sep 2022 04:31:34 GMT', 'Expires': 'Fri, 02 Sep 2022 05:01:35 GMT', 'Pragma': 'no-cache', 'Server': 'unknown', 'X-Content-Type-Options': 'nosniff', 'Content-Length': '2119'} 
 body={"appointmentTypes":[{"id":63,"name":"Test VeeCall","callType":"VeeCall","customerInfo":"[{\"name\": \"First Name\",\"type\": \"text\",\"required\" : \"1\",\"mappedField\" : \"Firstname\",\"overrideRule\" : \"update\"},    {\"name\": \"Middle Name\",\"type\": \"text\",\"required\" : \"1\",\"mappedField\" : \"Middlename\"},    {\"name\": \"Last Name\",\"type\": \"text\",\"required\" : \"0\",\"mappedField\" : \"Customer Information:Lastname\",\"overrideRule\" : \"update\"},      {\"name\": \"Phone No\",\"type\": \"text\",\"required\" : \"0\",\"mappedField\" : \"Customer Information:Phone Number\",\"overrideRule\" : \"update\"},    {\"name\": \"Email Id\",\"type\": \"email\",\"required\" : \"1\",\"mappedField\" : \"Email\"},       {\"name\": \"Additional Information\",\"type\": \"note\",\"required\" : \"0\",\"mappedField\" : \"Notes:CustomerNotes\",\"overrideRule\" : \"append\", \"appendSeparator\" : \":\"},  {\"name\": \"GDPR Consent Message\",\"placeHolder\" : \"Yes,I Consent\",\"type\": \"checkbox\",\"required\" : \"1\"}]","slotDuration":10,"locationIds":[]},{"id":64,"name":"Sofa","callType":"Chat","customerInfo":"[{\"name\": \"First Name\",\"type\": \"text\",\"required\" : \"1\",\"mappedField\" : \"Firstname\",\"overrideRule\" : \"update\"},    {\"name\": \"Middle Name\",\"type\": \"text\",\"required\" : \"1\",\"mappedField\" : \"Middlename\"},    {\"name\": \"Last Name\",\"type\": \"text\",\"required\" : \"0\",\"mappedField\" : \"Customer Information:Lastname\",\"overrideRule\" : \"update\"},      {\"name\": \"Phone No\",\"type\": \"text\",\"required\" : \"0\",\"mappedField\" : \"Customer Information:Phone Number\",\"overrideRule\" : \"append\"},    {\"name\": \"Email Id\",\"type\": \"email\",\"required\" : \"1\",\"mappedField\" : \"Email\"},       {\"name\": \"Additional Information\",\"type\": \"note\",\"required\" : \"0\",\"mappedField\" : \"Notes:CustomerNotes\",\"overrideRule\" : \"append\", \"appendSeparator\" : \":\"},  {\"name\": \"GDPR Consent Message\",\"placeHolder\" : \"Yes,I Consent\",\"type\": \"checkbox\",\"required\" : \"1\"}]","slotDuration":10,"locationIds":[]}]} 
 </msg>
<msg timestamp="20220902 10:01:35.260" level="INFO">${resp} = &lt;Response [200]&gt;</msg>
<status status="PASS" starttime="20220902 10:01:35.045" endtime="20220902 10:01:35.260"/>
</kw>
<kw name="Evaluate" library="BuiltIn">
<var>&amp;{response}</var>
<arg>json.loads($resp.content)</arg>
<arg>json</arg>
<doc>Evaluates the given expression in Python and returns the result.</doc>
<msg timestamp="20220902 10:01:35.262" level="INFO">&amp;{response} = { appointmentTypes=[{'id': 63, 'name': 'Test VeeCall', 'callType': 'VeeCall', 'customerInfo': '[{"name": "First Name","type": "text","required" : "1","mappedField" : "Firstname","overrideRule" : "upda...</msg>
<status status="PASS" starttime="20220902 10:01:35.260" endtime="20220902 10:01:35.263"/>
</kw>
<msg timestamp="20220902 10:01:35.264" level="INFO">${response} = {'appointmentTypes': [{'id': 63, 'name': 'Test VeeCall', 'callType': 'VeeCall', 'customerInfo': '[{"name": "First Name","type": "text","required" : "1","mappedField" : "Firstname","overrideRule" : "up...</msg>
<status status="PASS" starttime="20220902 10:01:35.044" endtime="20220902 10:01:35.264"/>
</kw>
<kw name="Get Value From Json" library="JSONLibrary">
<var>${resp_obj}</var>
<arg>${response}</arg>
<arg>${parameters}</arg>
<doc>Get Value From JSON using JSONPath</doc>
<msg timestamp="20220902 10:01:35.306" level="INFO">${resp_obj} = []</msg>
<status status="PASS" starttime="20220902 10:01:35.264" endtime="20220902 10:01:35.306"/>
</kw>
<kw name="Load Json From File" library="JSONLibrary">
<var>${file_json}</var>
<arg>${FP_apptype}</arg>
<doc>Load JSON from file.</doc>
<msg timestamp="20220902 10:01:35.308" level="INFO">${file_json} = {'appointmentTypes': [{'id': 63, 'name': 'Test VeeCall', 'callType': 'VeeCall', 'customerInfo': '[{"name": "First Name","type": "text","required" : "1","mappedField" : "Firstname","overrideRule" : "up...</msg>
<status status="PASS" starttime="20220902 10:01:35.306" endtime="20220902 10:01:35.308"/>
</kw>
<kw name="Get Value From Json" library="JSONLibrary">
<var>${json_object}</var>
<arg>${file_json}</arg>
<arg>${parameters}</arg>
<doc>Get Value From JSON using JSONPath</doc>
<msg timestamp="20220902 10:01:35.329" level="INFO">${json_object} = []</msg>
<status status="PASS" starttime="20220902 10:01:35.308" endtime="20220902 10:01:35.329"/>
</kw>
<kw name="Should Be Equal" library="BuiltIn">
<arg>${resp_obj}</arg>
<arg>${json_object}</arg>
<doc>Fails if the given objects are unequal.</doc>
<status status="PASS" starttime="20220902 10:01:35.330" endtime="20220902 10:01:35.330"/>
</kw>
<status status="PASS" starttime="20220902 10:01:35.043" endtime="20220902 10:01:35.330"/>
</kw>
<kw name="Log To Console" library="BuiltIn">
<arg>Test Passed</arg>
<doc>Logs the given message to the console.</doc>
<status status="PASS" starttime="20220902 10:01:35.331" endtime="20220902 10:01:35.331"/>
</kw>
<status status="PASS" starttime="20220902 10:01:35.043" endtime="20220902 10:01:35.332"/>
</test>
<test id="s1-t7" name="Comapring Level of appointment category with the sample response" line="35">
<kw name="CompareElements" library="Common_Keyword">
<arg>${JP_Level}</arg>
<kw name="GetJSON" library="Common_Keyword">
<var>${response}</var>
<arg>${BASE_URL}</arg>
<arg>${APPOINTMENTTYPES}</arg>
<arg>${SITE_NAME}</arg>
<tag>Common</tag>
<doc>This keyword checks the response for API request If response code is 200 then case is passed, for any other rsponse test case is failed.</doc>
<kw name="Create Session" library="RequestsLibrary">
<arg>mysession</arg>
<arg>${base_url}</arg>
<arg>disable_warnings=1</arg>
<doc>Create Session: create a HTTP session to a server</doc>
<msg timestamp="20220902 10:01:35.335" level="INFO">Creating Session using : alias=mysession, url=https://api-dev.vee24.com, headers={},                     cookies={}, auth=None, timeout=None, proxies=None, verify=False,                     debug=0 </msg>
<status status="PASS" starttime="20220902 10:01:35.335" endtime="20220902 10:01:35.335"/>
</kw>
<kw name="Set Variable" library="BuiltIn">
<var>${endpoint}</var>
<arg>/${elements}?${parameters}</arg>
<doc>Returns the given values which can then be assigned to a variables.</doc>
<msg timestamp="20220902 10:01:35.336" level="INFO">${endpoint} = /api/AppointmentTypes?sitename=autotest1</msg>
<status status="PASS" starttime="20220902 10:01:35.335" endtime="20220902 10:01:35.336"/>
</kw>
<kw name="GET On Session" library="RequestsLibrary">
<var>${resp}</var>
<arg>mysession</arg>
<arg>${endpoint}</arg>
<doc>Sends a GET request on a previously created HTTP Session.</doc>
<msg timestamp="20220902 10:01:35.547" level="INFO">GET Request : url=https://api-dev.vee24.com/api/AppointmentTypes?sitename=autotest1 
 path_url=/api/AppointmentTypes?sitename=autotest1 
 headers={'User-Agent': 'python-requests/2.28.1', 'Accept-Encoding': 'gzip, deflate', 'Accept': '*/*', 'Connection': 'keep-alive'} 
 body=None 
 </msg>
<msg timestamp="20220902 10:01:35.548" level="INFO">GET Response : url=https://api-dev.vee24.com/api/AppointmentTypes?sitename=autotest1 
 status=200, reason=OK 
 headers={'Access-Control-Allow-Origin': '*', 'api-supported-versions': '1.0', 'Cache-Control': 'max-age=1800', 'Content-Type': 'application/json; charset=utf-8', 'Date': 'Fri, 02 Sep 2022 04:31:34 GMT', 'Expires': 'Fri, 02 Sep 2022 05:01:35 GMT', 'Pragma': 'no-cache', 'Server': 'unknown', 'X-Content-Type-Options': 'nosniff', 'Content-Length': '2119'} 
 body={"appointmentTypes":[{"id":63,"name":"Test VeeCall","callType":"VeeCall","customerInfo":"[{\"name\": \"First Name\",\"type\": \"text\",\"required\" : \"1\",\"mappedField\" : \"Firstname\",\"overrideRule\" : \"update\"},    {\"name\": \"Middle Name\",\"type\": \"text\",\"required\" : \"1\",\"mappedField\" : \"Middlename\"},    {\"name\": \"Last Name\",\"type\": \"text\",\"required\" : \"0\",\"mappedField\" : \"Customer Information:Lastname\",\"overrideRule\" : \"update\"},      {\"name\": \"Phone No\",\"type\": \"text\",\"required\" : \"0\",\"mappedField\" : \"Customer Information:Phone Number\",\"overrideRule\" : \"update\"},    {\"name\": \"Email Id\",\"type\": \"email\",\"required\" : \"1\",\"mappedField\" : \"Email\"},       {\"name\": \"Additional Information\",\"type\": \"note\",\"required\" : \"0\",\"mappedField\" : \"Notes:CustomerNotes\",\"overrideRule\" : \"append\", \"appendSeparator\" : \":\"},  {\"name\": \"GDPR Consent Message\",\"placeHolder\" : \"Yes,I Consent\",\"type\": \"checkbox\",\"required\" : \"1\"}]","slotDuration":10,"locationIds":[]},{"id":64,"name":"Sofa","callType":"Chat","customerInfo":"[{\"name\": \"First Name\",\"type\": \"text\",\"required\" : \"1\",\"mappedField\" : \"Firstname\",\"overrideRule\" : \"update\"},    {\"name\": \"Middle Name\",\"type\": \"text\",\"required\" : \"1\",\"mappedField\" : \"Middlename\"},    {\"name\": \"Last Name\",\"type\": \"text\",\"required\" : \"0\",\"mappedField\" : \"Customer Information:Lastname\",\"overrideRule\" : \"update\"},      {\"name\": \"Phone No\",\"type\": \"text\",\"required\" : \"0\",\"mappedField\" : \"Customer Information:Phone Number\",\"overrideRule\" : \"append\"},    {\"name\": \"Email Id\",\"type\": \"email\",\"required\" : \"1\",\"mappedField\" : \"Email\"},       {\"name\": \"Additional Information\",\"type\": \"note\",\"required\" : \"0\",\"mappedField\" : \"Notes:CustomerNotes\",\"overrideRule\" : \"append\", \"appendSeparator\" : \":\"},  {\"name\": \"GDPR Consent Message\",\"placeHolder\" : \"Yes,I Consent\",\"type\": \"checkbox\",\"required\" : \"1\"}]","slotDuration":10,"locationIds":[]}]} 
 </msg>
<msg timestamp="20220902 10:01:35.549" level="INFO">${resp} = &lt;Response [200]&gt;</msg>
<status status="PASS" starttime="20220902 10:01:35.336" endtime="20220902 10:01:35.549"/>
</kw>
<kw name="Evaluate" library="BuiltIn">
<var>&amp;{response}</var>
<arg>json.loads($resp.content)</arg>
<arg>json</arg>
<doc>Evaluates the given expression in Python and returns the result.</doc>
<msg timestamp="20220902 10:01:35.554" level="INFO">&amp;{response} = { appointmentTypes=[{'id': 63, 'name': 'Test VeeCall', 'callType': 'VeeCall', 'customerInfo': '[{"name": "First Name","type": "text","required" : "1","mappedField" : "Firstname","overrideRule" : "upda...</msg>
<status status="PASS" starttime="20220902 10:01:35.550" endtime="20220902 10:01:35.554"/>
</kw>
<msg timestamp="20220902 10:01:35.556" level="INFO">${response} = {'appointmentTypes': [{'id': 63, 'name': 'Test VeeCall', 'callType': 'VeeCall', 'customerInfo': '[{"name": "First Name","type": "text","required" : "1","mappedField" : "Firstname","overrideRule" : "up...</msg>
<status status="PASS" starttime="20220902 10:01:35.334" endtime="20220902 10:01:35.556"/>
</kw>
<kw name="Get Value From Json" library="JSONLibrary">
<var>${resp_obj}</var>
<arg>${response}</arg>
<arg>${parameters}</arg>
<doc>Get Value From JSON using JSONPath</doc>
<msg timestamp="20220902 10:01:35.614" level="INFO">${resp_obj} = []</msg>
<status status="PASS" starttime="20220902 10:01:35.557" endtime="20220902 10:01:35.614"/>
</kw>
<kw name="Load Json From File" library="JSONLibrary">
<var>${file_json}</var>
<arg>${FP_apptype}</arg>
<doc>Load JSON from file.</doc>
<msg timestamp="20220902 10:01:35.617" level="INFO">${file_json} = {'appointmentTypes': [{'id': 63, 'name': 'Test VeeCall', 'callType': 'VeeCall', 'customerInfo': '[{"name": "First Name","type": "text","required" : "1","mappedField" : "Firstname","overrideRule" : "up...</msg>
<status status="PASS" starttime="20220902 10:01:35.614" endtime="20220902 10:01:35.617"/>
</kw>
<kw name="Get Value From Json" library="JSONLibrary">
<var>${json_object}</var>
<arg>${file_json}</arg>
<arg>${parameters}</arg>
<doc>Get Value From JSON using JSONPath</doc>
<msg timestamp="20220902 10:01:35.638" level="INFO">${json_object} = []</msg>
<status status="PASS" starttime="20220902 10:01:35.617" endtime="20220902 10:01:35.638"/>
</kw>
<kw name="Should Be Equal" library="BuiltIn">
<arg>${resp_obj}</arg>
<arg>${json_object}</arg>
<doc>Fails if the given objects are unequal.</doc>
<status status="PASS" starttime="20220902 10:01:35.638" endtime="20220902 10:01:35.638"/>
</kw>
<status status="PASS" starttime="20220902 10:01:35.334" endtime="20220902 10:01:35.639"/>
</kw>
<kw name="Log To Console" library="BuiltIn">
<arg>Test Passed</arg>
<doc>Logs the given message to the console.</doc>
<status status="PASS" starttime="20220902 10:01:35.639" endtime="20220902 10:01:35.641"/>
</kw>
<status status="PASS" starttime="20220902 10:01:35.333" endtime="20220902 10:01:35.641"/>
</test>
<test id="s1-t8" name="Comapring the associated appointment type ids of appointment category with the sample response" line="40">
<kw name="CompareElements" library="Common_Keyword">
<arg>${JP_appointmentTYPEID}</arg>
<kw name="GetJSON" library="Common_Keyword">
<var>${response}</var>
<arg>${BASE_URL}</arg>
<arg>${APPOINTMENTTYPES}</arg>
<arg>${SITE_NAME}</arg>
<tag>Common</tag>
<doc>This keyword checks the response for API request If response code is 200 then case is passed, for any other rsponse test case is failed.</doc>
<kw name="Create Session" library="RequestsLibrary">
<arg>mysession</arg>
<arg>${base_url}</arg>
<arg>disable_warnings=1</arg>
<doc>Create Session: create a HTTP session to a server</doc>
<msg timestamp="20220902 10:01:35.644" level="INFO">Creating Session using : alias=mysession, url=https://api-dev.vee24.com, headers={},                     cookies={}, auth=None, timeout=None, proxies=None, verify=False,                     debug=0 </msg>
<status status="PASS" starttime="20220902 10:01:35.643" endtime="20220902 10:01:35.644"/>
</kw>
<kw name="Set Variable" library="BuiltIn">
<var>${endpoint}</var>
<arg>/${elements}?${parameters}</arg>
<doc>Returns the given values which can then be assigned to a variables.</doc>
<msg timestamp="20220902 10:01:35.644" level="INFO">${endpoint} = /api/AppointmentTypes?sitename=autotest1</msg>
<status status="PASS" starttime="20220902 10:01:35.644" endtime="20220902 10:01:35.644"/>
</kw>
<kw name="GET On Session" library="RequestsLibrary">
<var>${resp}</var>
<arg>mysession</arg>
<arg>${endpoint}</arg>
<doc>Sends a GET request on a previously created HTTP Session.</doc>
<msg timestamp="20220902 10:01:35.875" level="INFO">GET Request : url=https://api-dev.vee24.com/api/AppointmentTypes?sitename=autotest1 
 path_url=/api/AppointmentTypes?sitename=autotest1 
 headers={'User-Agent': 'python-requests/2.28.1', 'Accept-Encoding': 'gzip, deflate', 'Accept': '*/*', 'Connection': 'keep-alive'} 
 body=None 
 </msg>
<msg timestamp="20220902 10:01:35.875" level="INFO">GET Response : url=https://api-dev.vee24.com/api/AppointmentTypes?sitename=autotest1 
 status=200, reason=OK 
 headers={'Access-Control-Allow-Origin': '*', 'api-supported-versions': '1.0', 'Cache-Control': 'max-age=1800', 'Content-Type': 'application/json; charset=utf-8', 'Date': 'Fri, 02 Sep 2022 04:31:34 GMT', 'Expires': 'Fri, 02 Sep 2022 05:01:35 GMT', 'Pragma': 'no-cache', 'Server': 'unknown', 'X-Content-Type-Options': 'nosniff', 'Content-Length': '2119'} 
 body={"appointmentTypes":[{"id":63,"name":"Test VeeCall","callType":"VeeCall","customerInfo":"[{\"name\": \"First Name\",\"type\": \"text\",\"required\" : \"1\",\"mappedField\" : \"Firstname\",\"overrideRule\" : \"update\"},    {\"name\": \"Middle Name\",\"type\": \"text\",\"required\" : \"1\",\"mappedField\" : \"Middlename\"},    {\"name\": \"Last Name\",\"type\": \"text\",\"required\" : \"0\",\"mappedField\" : \"Customer Information:Lastname\",\"overrideRule\" : \"update\"},      {\"name\": \"Phone No\",\"type\": \"text\",\"required\" : \"0\",\"mappedField\" : \"Customer Information:Phone Number\",\"overrideRule\" : \"update\"},    {\"name\": \"Email Id\",\"type\": \"email\",\"required\" : \"1\",\"mappedField\" : \"Email\"},       {\"name\": \"Additional Information\",\"type\": \"note\",\"required\" : \"0\",\"mappedField\" : \"Notes:CustomerNotes\",\"overrideRule\" : \"append\", \"appendSeparator\" : \":\"},  {\"name\": \"GDPR Consent Message\",\"placeHolder\" : \"Yes,I Consent\",\"type\": \"checkbox\",\"required\" : \"1\"}]","slotDuration":10,"locationIds":[]},{"id":64,"name":"Sofa","callType":"Chat","customerInfo":"[{\"name\": \"First Name\",\"type\": \"text\",\"required\" : \"1\",\"mappedField\" : \"Firstname\",\"overrideRule\" : \"update\"},    {\"name\": \"Middle Name\",\"type\": \"text\",\"required\" : \"1\",\"mappedField\" : \"Middlename\"},    {\"name\": \"Last Name\",\"type\": \"text\",\"required\" : \"0\",\"mappedField\" : \"Customer Information:Lastname\",\"overrideRule\" : \"update\"},      {\"name\": \"Phone No\",\"type\": \"text\",\"required\" : \"0\",\"mappedField\" : \"Customer Information:Phone Number\",\"overrideRule\" : \"append\"},    {\"name\": \"Email Id\",\"type\": \"email\",\"required\" : \"1\",\"mappedField\" : \"Email\"},       {\"name\": \"Additional Information\",\"type\": \"note\",\"required\" : \"0\",\"mappedField\" : \"Notes:CustomerNotes\",\"overrideRule\" : \"append\", \"appendSeparator\" : \":\"},  {\"name\": \"GDPR Consent Message\",\"placeHolder\" : \"Yes,I Consent\",\"type\": \"checkbox\",\"required\" : \"1\"}]","slotDuration":10,"locationIds":[]}]} 
 </msg>
<msg timestamp="20220902 10:01:35.875" level="INFO">${resp} = &lt;Response [200]&gt;</msg>
<status status="PASS" starttime="20220902 10:01:35.644" endtime="20220902 10:01:35.875"/>
</kw>
<kw name="Evaluate" library="BuiltIn">
<var>&amp;{response}</var>
<arg>json.loads($resp.content)</arg>
<arg>json</arg>
<doc>Evaluates the given expression in Python and returns the result.</doc>
<msg timestamp="20220902 10:01:35.876" level="INFO">&amp;{response} = { appointmentTypes=[{'id': 63, 'name': 'Test VeeCall', 'callType': 'VeeCall', 'customerInfo': '[{"name": "First Name","type": "text","required" : "1","mappedField" : "Firstname","overrideRule" : "upda...</msg>
<status status="PASS" starttime="20220902 10:01:35.876" endtime="20220902 10:01:35.876"/>
</kw>
<msg timestamp="20220902 10:01:35.876" level="INFO">${response} = {'appointmentTypes': [{'id': 63, 'name': 'Test VeeCall', 'callType': 'VeeCall', 'customerInfo': '[{"name": "First Name","type": "text","required" : "1","mappedField" : "Firstname","overrideRule" : "up...</msg>
<status status="PASS" starttime="20220902 10:01:35.643" endtime="20220902 10:01:35.876"/>
</kw>
<kw name="Get Value From Json" library="JSONLibrary">
<var>${resp_obj}</var>
<arg>${response}</arg>
<arg>${parameters}</arg>
<doc>Get Value From JSON using JSONPath</doc>
<msg timestamp="20220902 10:01:35.905" level="INFO">${resp_obj} = []</msg>
<status status="PASS" starttime="20220902 10:01:35.876" endtime="20220902 10:01:35.905"/>
</kw>
<kw name="Load Json From File" library="JSONLibrary">
<var>${file_json}</var>
<arg>${FP_apptype}</arg>
<doc>Load JSON from file.</doc>
<msg timestamp="20220902 10:01:35.908" level="INFO">${file_json} = {'appointmentTypes': [{'id': 63, 'name': 'Test VeeCall', 'callType': 'VeeCall', 'customerInfo': '[{"name": "First Name","type": "text","required" : "1","mappedField" : "Firstname","overrideRule" : "up...</msg>
<status status="PASS" starttime="20220902 10:01:35.905" endtime="20220902 10:01:35.908"/>
</kw>
<kw name="Get Value From Json" library="JSONLibrary">
<var>${json_object}</var>
<arg>${file_json}</arg>
<arg>${parameters}</arg>
<doc>Get Value From JSON using JSONPath</doc>
<msg timestamp="20220902 10:01:35.929" level="INFO">${json_object} = []</msg>
<status status="PASS" starttime="20220902 10:01:35.908" endtime="20220902 10:01:35.929"/>
</kw>
<kw name="Should Be Equal" library="BuiltIn">
<arg>${resp_obj}</arg>
<arg>${json_object}</arg>
<doc>Fails if the given objects are unequal.</doc>
<status status="PASS" starttime="20220902 10:01:35.929" endtime="20220902 10:01:35.929"/>
</kw>
<status status="PASS" starttime="20220902 10:01:35.643" endtime="20220902 10:01:35.929"/>
</kw>
<kw name="Log To Console" library="BuiltIn">
<arg>Test Passed</arg>
<doc>Logs the given message to the console.</doc>
<status status="PASS" starttime="20220902 10:01:35.930" endtime="20220902 10:01:35.930"/>
</kw>
<status status="PASS" starttime="20220902 10:01:35.643" endtime="20220902 10:01:35.931"/>
</test>
<status status="PASS" starttime="20220902 10:01:31.215" endtime="20220902 10:01:35.933"/>
</suite>
<statistics>
<total>
<stat pass="8" fail="0" skip="0">All Tests</stat>
</total>
<tag>
</tag>
<suite>
<stat pass="8" fail="0" skip="0" id="s1" name="AppointmentCategory">AppointmentCategory</stat>
</suite>
</statistics>
<errors>
</errors>
</robot>
