<?xml version="1.0" encoding="UTF-8"?>
<robot generator="Robot 5.0.1 (Python 3.10.6 on win32)" generated="20220901 22:23:15.123" rpa="false" schemaversion="3">
<suite id="s1" name="Test" source="C:\DevOps Prac\API Automation\Vee24\Rough\Test.robot">
<test id="s1-t1" name="Test Case Example" line="14">
<kw name="Create Session" library="RequestsLibrary">
<arg>createsessionname</arg>
<arg>${baseURL}</arg>
<arg>headers=${header}</arg>
<doc>Create Session: create a HTTP session to a server</doc>
<msg timestamp="20220901 22:23:15.482" level="INFO">Creating Session using : alias=createsessionname, url=https://api-dev.vee24.com/api/Appointments, headers=,                     cookies={}, auth=None, timeout=None, proxies=None, verify=False,                     debug=0 </msg>
<status status="PASS" starttime="20220901 22:23:15.482" endtime="20220901 22:23:15.483"/>
</kw>
<kw name="POST On Session" library="RequestsLibrary">
<var>${response}</var>
<arg>createsessionname</arg>
<arg>data=${body}</arg>
<arg>headers=${header}</arg>
<doc>Sends a POST request on a previously created HTTP Session.</doc>
<msg timestamp="20220901 22:23:15.484" level="WARN">You might have an = symbol in url. You better place 'url=' before, example: 'url=/your-url/foo?param=a' or use '/your-url/foo  params=param=a' or escape it</msg>
<msg timestamp="20220901 22:23:15.485" level="FAIL">TypeError: RequestsOnSessionKeywords.post_on_session() missing 1 required positional argument: 'url'</msg>
<status status="FAIL" starttime="20220901 22:23:15.483" endtime="20220901 22:23:15.486"/>
</kw>
<kw name="Set Test Variable" library="BuiltIn">
<arg>${response}</arg>
<arg>${response}</arg>
<doc>Makes a variable available everywhere within the scope of the current test.</doc>
<status status="NOT RUN" starttime="20220901 22:23:15.487" endtime="20220901 22:23:15.487"/>
</kw>
<kw name="Validate Response Code &amp; Message">
<arg>${response} 200</arg>
<arg>message</arg>
<arg>messageToBeValidated</arg>
<doc>This keyword will validate the response code and response body given by user</doc>
<status status="NOT RUN" starttime="20220901 22:23:15.487" endtime="20220901 22:23:15.487"/>
</kw>
<status status="FAIL" starttime="20220901 22:23:15.481" endtime="20220901 22:23:15.488">TypeError: RequestsOnSessionKeywords.post_on_session() missing 1 required positional argument: 'url'</status>
</test>
<status status="FAIL" starttime="20220901 22:23:15.127" endtime="20220901 22:23:15.489"/>
</suite>
<statistics>
<total>
<stat pass="0" fail="1" skip="0">All Tests</stat>
</total>
<tag>
</tag>
<suite>
<stat pass="0" fail="1" skip="0" id="s1" name="Test">Test</stat>
</suite>
</statistics>
<errors>
<msg timestamp="20220901 22:23:15.484" level="WARN">You might have an = symbol in url. You better place 'url=' before, example: 'url=/your-url/foo?param=a' or use '/your-url/foo  params=param=a' or escape it</msg>
</errors>
</robot>
